  [1m[36m (13.0ms)[0m  [1mCREATE TABLE "schema_migrations" ("version" character varying NOT NULL) [0m
  [1m[35m (2.3ms)[0m  CREATE UNIQUE INDEX  "unique_schema_migrations" ON "schema_migrations"  ("version")
  [1m[36mActiveRecord::SchemaMigration Load (0.3ms)[0m  [1mSELECT "schema_migrations".* FROM "schema_migrations"[0m
Migrating to CreateWidgets (20140707111715)
  [1m[35m (0.1ms)[0m  BEGIN
DEPRECATION WARNING: `#timestamp` was called without specifying an option for `null`. In Rails 5, this behavior will change to `null: false`. You should manually specify `null: true` to prevent the behavior of your existing migrations from changing. (called from block in change at /Users/jurquhar/blog/ruby-getting-started/db/migrate/20140707111715_create_widgets.rb:8)
  [1m[36m (4.9ms)[0m  [1mCREATE TABLE "widgets" ("id" serial primary key, "name" character varying, "description" text, "stock" integer, "created_at" timestamp, "updated_at" timestamp) [0m
  [1m[35mSQL (0.5ms)[0m  INSERT INTO "schema_migrations" ("version") VALUES ($1)  [["version", "20140707111715"]]
  [1m[36m (0.6ms)[0m  [1mCOMMIT[0m
  [1m[35mActiveRecord::SchemaMigration Load (0.2ms)[0m  SELECT "schema_migrations".* FROM "schema_migrations"
  [1m[36m (3.6ms)[0m  [1mSELECT t2.oid::regclass::text AS to_table, a1.attname AS column, a2.attname AS primary_key, c.conname AS name, c.confupdtype AS on_update, c.confdeltype AS on_delete
FROM pg_constraint c
JOIN pg_class t1 ON c.conrelid = t1.oid
JOIN pg_class t2 ON c.confrelid = t2.oid
JOIN pg_attribute a1 ON a1.attnum = c.conkey[1] AND a1.attrelid = t1.oid
JOIN pg_attribute a2 ON a2.attnum = c.confkey[1] AND a2.attrelid = t2.oid
JOIN pg_namespace t3 ON c.connamespace = t3.oid
WHERE c.contype = 'f'
  AND t1.relname = 'widgets'
  AND t3.nspname = ANY (current_schemas(false))
ORDER BY c.conname
[0m


Started GET "/" for 127.0.0.1 at 2015-07-23 11:37:25 +0100
  [1m[36mActiveRecord::SchemaMigration Load (1.0ms)[0m  [1mSELECT "schema_migrations".* FROM "schema_migrations"[0m
Processing by WelcomeController#index as HTML
  Rendered welcome/index.erb within layouts/application (4.0ms)


Started GET "/" for 127.0.0.1 at 2015-07-23 11:37:26 +0100
  [1m[36mActiveRecord::SchemaMigration Load (0.4ms)[0m  [1mSELECT "schema_migrations".* FROM "schema_migrations"[0m
Processing by WelcomeController#index as HTML
  Rendered welcome/index.erb within layouts/application (2.4ms)
Completed 200 OK in 924ms (Views: 914.0ms | ActiveRecord: 0.0ms)
Completed 200 OK in 378ms (Views: 370.3ms | ActiveRecord: 0.0ms)


Started GET "/assets/jquery.js?body=1" for 127.0.0.1 at 2015-07-23 11:37:26 +0100


Started GET "/assets/jquery_ujs.js?body=1" for 127.0.0.1 at 2015-07-23 11:37:26 +0100


Started GET "/assets/turbolinks.js?body=1" for 127.0.0.1 at 2015-07-23 11:37:26 +0100




Started GET "/assets/widgets.js?body=1" for 127.0.0.1 at 2015-07-23 11:37:26 +0100
Started GET "/assets/welcome.js?body=1" for 127.0.0.1 at 2015-07-23 11:37:26 +0100


Started GET "/assets/scaffolds.css?body=1" for 127.0.0.1 at 2015-07-23 11:37:26 +0100


Started GET "/assets/welcome.css?body=1" for 127.0.0.1 at 2015-07-23 11:37:26 +0100


Started GET "/assets/theme.css?body=1" for 127.0.0.1 at 2015-07-23 11:37:26 +0100


Started GET "/assets/widgets.css?body=1" for 127.0.0.1 at 2015-07-23 11:37:26 +0100


Started GET "/assets/application.js?body=1" for 127.0.0.1 at 2015-07-23 11:37:26 +0100


Started GET "/assets/application.css?body=1" for 127.0.0.1 at 2015-07-23 11:37:26 +0100


Started GET "/assets/lang-logo.png" for 127.0.0.1 at 2015-07-23 11:37:27 +0100


Started GET "/" for 127.0.0.1 at 2015-07-23 11:37:43 +0100
Processing by WelcomeController#index as HTML
  Rendered welcome/index.erb within layouts/application (0.2ms)
Completed 200 OK in 31ms (Views: 30.9ms | ActiveRecord: 0.0ms)
